<?xml version="1.0" encoding="UTF-8" ?>
<testsuite failures="2" time="0.036" errors="0" skipped="0" tests="2" name="com.twowire.web.TestCreateTicketController">
  <properties>
[...]
</properties>
  <testcase time="0.003" classname="junit.framework.TestSuite$1" name="warning">
    <failure message="Exception in constructor: testSuccessfulTicketRedirect (java.lang.Error: Unresolved compilation problems: 
	The import org.springframework cannot be resolved
	The import org.springframework cannot be resolved
	MockHttpServletRequest cannot be resolved to a type
	MockHttpServletResponse cannot be resolved to a type
	MockHttpServletRequest cannot be resolved to a type
	MockHttpServletRequest cannot be resolved to a type
	MockHttpServletResponse cannot be resolved to a type
	MockHttpServletResponse cannot be resolved to a type
	MockHttpServletRequest cannot be resolved to a type
	MockHttpServletRequest cannot be resolved to a type
	MockHttpServletRequest cannot be resolved to a type
	MockHttpServletRequest cannot be resolved to a type
	MockHttpServletRequest cannot be resolved to a type
	MockHttpServletResponse cannot be resolved to a type
	MockHttpServletResponse cannot be resolved to a type
	MockHttpServletRequest cannot be resolved to a type
	MockHttpServletRequest cannot be resolved to a type
	MockHttpServletRequest cannot be resolved to a type
	MockHttpServletResponse cannot be resolved to a type
	MockHttpServletResponse cannot be resolved to a type

	at com.twowire.web.TestCreateTicketController.&lt;init&gt;(TestCreateTicketController.java:8)
	at sun.reflect.NativeConstructorAccessorImpl.newInstance0(Native Method)
	at sun.reflect.NativeConstructorAccessorImpl.newInstance(NativeConstructorAccessorImpl.java:39)
	at sun.reflect.DelegatingConstructorAccessorImpl.newInstance(DelegatingConstructorAccessorImpl.java:27)
	at java.lang.reflect.Constructor.newInstance(Constructor.java:513)
	at junit.framework.TestSuite.createTest(TestSuite.java:131)
	at junit.framework.TestSuite.addTestMethod(TestSuite.java:114)
	at junit.framework.TestSuite.&lt;init&gt;(TestSuite.java:75)
	at sun.reflect.NativeConstructorAccessorImpl.newInstance0(Native Method)
	at sun.reflect.NativeConstructorAccessorImpl.newInstance(NativeConstructorAccessorImpl.java:39)
	at sun.reflect.DelegatingConstructorAccessorImpl.newInstance(DelegatingConstructorAccessorImpl.java:27)
	at java.lang.reflect.Constructor.newInstance(Constructor.java:513)
	at org.apache.maven.surefire.junit.JUnitTestSet.constructTestObject(JUnitTestSet.java:151)
	at org.apache.maven.surefire.junit.JUnitTestSet.execute(JUnitTestSet.java:197)
	at org.apache.maven.surefire.suite.AbstractDirectoryTestSuite.executeTestSet(AbstractDirectoryTestSuite.java:140)
	at org.apache.maven.surefire.suite.AbstractDirectoryTestSuite.execute(AbstractDirectoryTestSuite.java:127)
	at org.apache.maven.surefire.Surefire.run(Surefire.java:177)
	at sun.reflect.NativeMethodAccessorImpl.invoke0(Native Method)
	at sun.reflect.NativeMethodAccessorImpl.invoke(NativeMethodAccessorImpl.java:39)
	at sun.reflect.DelegatingMethodAccessorImpl.invoke(DelegatingMethodAccessorImpl.java:25)
	at java.lang.reflect.Method.invoke(Method.java:597)
	at org.apache.maven.surefire.booter.SurefireBooter.runSuitesInProcess(SurefireBooter.java:345)
	at org.apache.maven.surefire.booter.SurefireBooter.main(SurefireBooter.java:1009)
)" type="junit.framework.AssertionFailedError">junit.framework.AssertionFailedError: Exception in constructor: testSuccessfulTicketRedirect (java.lang.Error: Unresolved compilation problems: 
	The import org.springframework cannot be resolved
	The import org.springframework cannot be resolved
	MockHttpServletRequest cannot be resolved to a type
	MockHttpServletResponse cannot be resolved to a type
	MockHttpServletRequest cannot be resolved to a type
	MockHttpServletRequest cannot be resolved to a type
	MockHttpServletResponse cannot be resolved to a type
	MockHttpServletResponse cannot be resolved to a type
	MockHttpServletRequest cannot be resolved to a type
	MockHttpServletRequest cannot be resolved to a type
	MockHttpServletRequest cannot be resolved to a type
	MockHttpServletRequest cannot be resolved to a type
	MockHttpServletRequest cannot be resolved to a type
	MockHttpServletResponse cannot be resolved to a type
	MockHttpServletResponse cannot be resolved to a type
	MockHttpServletRequest cannot be resolved to a type
	MockHttpServletRequest cannot be resolved to a type
	MockHttpServletRequest cannot be resolved to a type
	MockHttpServletResponse cannot be resolved to a type
	MockHttpServletResponse cannot be resolved to a type
	at com.twowire.web.TestCreateTicketController.&lt;init&gt;(TestCreateTicketController.java:8)
	at sun.reflect.NativeConstructorAccessorImpl.newInstance0(Native Method)
	at sun.reflect.NativeConstructorAccessorImpl.newInstance(NativeConstructorAccessorImpl.java:39)
	at sun.reflect.DelegatingConstructorAccessorImpl.newInstance(DelegatingConstructorAccessorImpl.java:27)
	at java.lang.reflect.Constructor.newInstance(Constructor.java:513)
	at junit.framework.TestSuite.createTest(TestSuite.java:131)
	at junit.framework.TestSuite.addTestMethod(TestSuite.java:114)
	at junit.framework.TestSuite.&lt;init&gt;(TestSuite.java:75)
	at sun.reflect.NativeConstructorAccessorImpl.newInstance0(Native Method)
	at sun.reflect.NativeConstructorAccessorImpl.newInstance(NativeConstructorAccessorImpl.java:39)
	at sun.reflect.DelegatingConstructorAccessorImpl.newInstance(DelegatingConstructorAccessorImpl.java:27)
	at java.lang.reflect.Constructor.newInstance(Constructor.java:513)
	at org.apache.maven.surefire.junit.JUnitTestSet.constructTestObject(JUnitTestSet.java:151)
	at org.apache.maven.surefire.junit.JUnitTestSet.execute(JUnitTestSet.java:197)
	at org.apache.maven.surefire.suite.AbstractDirectoryTestSuite.executeTestSet(AbstractDirectoryTestSuite.java:140)
	at org.apache.maven.surefire.suite.AbstractDirectoryTestSuite.execute(AbstractDirectoryTestSuite.java:127)
	at org.apache.maven.surefire.Surefire.run(Surefire.java:177)
	at sun.reflect.NativeMethodAccessorImpl.invoke0(Native Method)
	at sun.reflect.NativeMethodAccessorImpl.invoke(NativeMethodAccessorImpl.java:39)
	at sun.reflect.DelegatingMethodAccessorImpl.invoke(DelegatingMethodAccessorImpl.java:25)
	at java.lang.reflect.Method.invoke(Method.java:597)
	at org.apache.maven.surefire.booter.SurefireBooter.runSuitesInProcess(SurefireBooter.java:345)
	at org.apache.maven.surefire.booter.SurefireBooter.main(SurefireBooter.java:1009)
)
	at junit.framework.Assert.fail(Assert.java:47)
	at junit.framework.TestSuite$1.runTest(TestSuite.java:263)
	at junit.framework.TestCase.runBare(TestCase.java:127)
	at junit.framework.TestResult$1.protect(TestResult.java:106)
	at junit.framework.TestResult.runProtected(TestResult.java:124)
	at junit.framework.TestResult.run(TestResult.java:109)
	at junit.framework.TestCase.run(TestCase.java:118)
	at junit.framework.TestSuite.runTest(TestSuite.java:208)
	at junit.framework.TestSuite.run(TestSuite.java:203)
	at sun.reflect.NativeMethodAccessorImpl.invoke0(Native Method)
	at sun.reflect.NativeMethodAccessorImpl.invoke(NativeMethodAccessorImpl.java:39)
	at sun.reflect.DelegatingMethodAccessorImpl.invoke(DelegatingMethodAccessorImpl.java:25)
	at java.lang.reflect.Method.invoke(Method.java:597)
	at org.apache.maven.surefire.junit.JUnitTestSet.execute(JUnitTestSet.java:213)
	at org.apache.maven.surefire.suite.AbstractDirectoryTestSuite.executeTestSet(AbstractDirectoryTestSuite.java:140)
	at org.apache.maven.surefire.suite.AbstractDirectoryTestSuite.execute(AbstractDirectoryTestSuite.java:127)
	at org.apache.maven.surefire.Surefire.run(Surefire.java:177)
	at sun.reflect.NativeMethodAccessorImpl.invoke0(Native Method)
	at sun.reflect.NativeMethodAccessorImpl.invoke(NativeMethodAccessorImpl.java:39)
	at sun.reflect.DelegatingMethodAccessorImpl.invoke(DelegatingMethodAccessorImpl.java:25)
	at java.lang.reflect.Method.invoke(Method.java:597)
	at org.apache.maven.surefire.booter.SurefireBooter.runSuitesInProcess(SurefireBooter.java:345)
	at org.apache.maven.surefire.booter.SurefireBooter.main(SurefireBooter.java:1009)
</failure>
  </testcase>
  <testcase time="0" classname="junit.framework.TestSuite$1" name="warning">
    <failure message="Exception in constructor: testMissingFieldFailRedirect (java.lang.Error: Unresolved compilation problems: 
	The import org.springframework cannot be resolved
	The import org.springframework cannot be resolved
	MockHttpServletRequest cannot be resolved to a type
	MockHttpServletResponse cannot be resolved to a type
	MockHttpServletRequest cannot be resolved to a type
	MockHttpServletRequest cannot be resolved to a type
	MockHttpServletResponse cannot be resolved to a type
	MockHttpServletResponse cannot be resolved to a type
	MockHttpServletRequest cannot be resolved to a type
	MockHttpServletRequest cannot be resolved to a type
	MockHttpServletRequest cannot be resolved to a type
	MockHttpServletRequest cannot be resolved to a type
	MockHttpServletRequest cannot be resolved to a type
	MockHttpServletResponse cannot be resolved to a type
	MockHttpServletResponse cannot be resolved to a type
	MockHttpServletRequest cannot be resolved to a type
	MockHttpServletRequest cannot be resolved to a type
	MockHttpServletRequest cannot be resolved to a type
	MockHttpServletResponse cannot be resolved to a type
	MockHttpServletResponse cannot be resolved to a type

	at com.twowire.web.TestCreateTicketController.&lt;init&gt;(TestCreateTicketController.java:8)
	at sun.reflect.NativeConstructorAccessorImpl.newInstance0(Native Method)
	at sun.reflect.NativeConstructorAccessorImpl.newInstance(NativeConstructorAccessorImpl.java:39)
	at sun.reflect.DelegatingConstructorAccessorImpl.newInstance(DelegatingConstructorAccessorImpl.java:27)
	at java.lang.reflect.Constructor.newInstance(Constructor.java:513)
	at junit.framework.TestSuite.createTest(TestSuite.java:131)
	at junit.framework.TestSuite.addTestMethod(TestSuite.java:114)
	at junit.framework.TestSuite.&lt;init&gt;(TestSuite.java:75)
	at sun.reflect.NativeConstructorAccessorImpl.newInstance0(Native Method)
	at sun.reflect.NativeConstructorAccessorImpl.newInstance(NativeConstructorAccessorImpl.java:39)
	at sun.reflect.DelegatingConstructorAccessorImpl.newInstance(DelegatingConstructorAccessorImpl.java:27)
	at java.lang.reflect.Constructor.newInstance(Constructor.java:513)
	at org.apache.maven.surefire.junit.JUnitTestSet.constructTestObject(JUnitTestSet.java:151)
	at org.apache.maven.surefire.junit.JUnitTestSet.execute(JUnitTestSet.java:197)
	at org.apache.maven.surefire.suite.AbstractDirectoryTestSuite.executeTestSet(AbstractDirectoryTestSuite.java:140)
	at org.apache.maven.surefire.suite.AbstractDirectoryTestSuite.execute(AbstractDirectoryTestSuite.java:127)
	at org.apache.maven.surefire.Surefire.run(Surefire.java:177)
	at sun.reflect.NativeMethodAccessorImpl.invoke0(Native Method)
	at sun.reflect.NativeMethodAccessorImpl.invoke(NativeMethodAccessorImpl.java:39)
	at sun.reflect.DelegatingMethodAccessorImpl.invoke(DelegatingMethodAccessorImpl.java:25)
	at java.lang.reflect.Method.invoke(Method.java:597)
	at org.apache.maven.surefire.booter.SurefireBooter.runSuitesInProcess(SurefireBooter.java:345)
	at org.apache.maven.surefire.booter.SurefireBooter.main(SurefireBooter.java:1009)
)" type="junit.framework.AssertionFailedError">junit.framework.AssertionFailedError: Exception in constructor: testMissingFieldFailRedirect (java.lang.Error: Unresolved compilation problems: 
	The import org.springframework cannot be resolved
	The import org.springframework cannot be resolved
	MockHttpServletRequest cannot be resolved to a type
	MockHttpServletResponse cannot be resolved to a type
	MockHttpServletRequest cannot be resolved to a type
	MockHttpServletRequest cannot be resolved to a type
	MockHttpServletResponse cannot be resolved to a type
	MockHttpServletResponse cannot be resolved to a type
	MockHttpServletRequest cannot be resolved to a type
	MockHttpServletRequest cannot be resolved to a type
	MockHttpServletRequest cannot be resolved to a type
	MockHttpServletRequest cannot be resolved to a type
	MockHttpServletRequest cannot be resolved to a type
	MockHttpServletResponse cannot be resolved to a type
	MockHttpServletResponse cannot be resolved to a type
	MockHttpServletRequest cannot be resolved to a type
	MockHttpServletRequest cannot be resolved to a type
	MockHttpServletRequest cannot be resolved to a type
	MockHttpServletResponse cannot be resolved to a type
	MockHttpServletResponse cannot be resolved to a type
	at com.twowire.web.TestCreateTicketController.&lt;init&gt;(TestCreateTicketController.java:8)
	at sun.reflect.NativeConstructorAccessorImpl.newInstance0(Native Method)
	at sun.reflect.NativeConstructorAccessorImpl.newInstance(NativeConstructorAccessorImpl.java:39)
	at sun.reflect.DelegatingConstructorAccessorImpl.newInstance(DelegatingConstructorAccessorImpl.java:27)
	at java.lang.reflect.Constructor.newInstance(Constructor.java:513)
	at junit.framework.TestSuite.createTest(TestSuite.java:131)
	at junit.framework.TestSuite.addTestMethod(TestSuite.java:114)
	at junit.framework.TestSuite.&lt;init&gt;(TestSuite.java:75)
	at sun.reflect.NativeConstructorAccessorImpl.newInstance0(Native Method)
	at sun.reflect.NativeConstructorAccessorImpl.newInstance(NativeConstructorAccessorImpl.java:39)
	at sun.reflect.DelegatingConstructorAccessorImpl.newInstance(DelegatingConstructorAccessorImpl.java:27)
	at java.lang.reflect.Constructor.newInstance(Constructor.java:513)
	at org.apache.maven.surefire.junit.JUnitTestSet.constructTestObject(JUnitTestSet.java:151)
	at org.apache.maven.surefire.junit.JUnitTestSet.execute(JUnitTestSet.java:197)
	at org.apache.maven.surefire.suite.AbstractDirectoryTestSuite.executeTestSet(AbstractDirectoryTestSuite.java:140)
	at org.apache.maven.surefire.suite.AbstractDirectoryTestSuite.execute(AbstractDirectoryTestSuite.java:127)
	at org.apache.maven.surefire.Surefire.run(Surefire.java:177)
	at sun.reflect.NativeMethodAccessorImpl.invoke0(Native Method)
	at sun.reflect.NativeMethodAccessorImpl.invoke(NativeMethodAccessorImpl.java:39)
	at sun.reflect.DelegatingMethodAccessorImpl.invoke(DelegatingMethodAccessorImpl.java:25)
	at java.lang.reflect.Method.invoke(Method.java:597)
	at org.apache.maven.surefire.booter.SurefireBooter.runSuitesInProcess(SurefireBooter.java:345)
	at org.apache.maven.surefire.booter.SurefireBooter.main(SurefireBooter.java:1009)
)
	at junit.framework.Assert.fail(Assert.java:47)
	at junit.framework.TestSuite$1.runTest(TestSuite.java:263)
	at junit.framework.TestCase.runBare(TestCase.java:127)
	at junit.framework.TestResult$1.protect(TestResult.java:106)
	at junit.framework.TestResult.runProtected(TestResult.java:124)
	at junit.framework.TestResult.run(TestResult.java:109)
	at junit.framework.TestCase.run(TestCase.java:118)
	at junit.framework.TestSuite.runTest(TestSuite.java:208)
	at junit.framework.TestSuite.run(TestSuite.java:203)
	at sun.reflect.NativeMethodAccessorImpl.invoke0(Native Method)
	at sun.reflect.NativeMethodAccessorImpl.invoke(NativeMethodAccessorImpl.java:39)
	at sun.reflect.DelegatingMethodAccessorImpl.invoke(DelegatingMethodAccessorImpl.java:25)
	at java.lang.reflect.Method.invoke(Method.java:597)
	at org.apache.maven.surefire.junit.JUnitTestSet.execute(JUnitTestSet.java:213)
	at org.apache.maven.surefire.suite.AbstractDirectoryTestSuite.executeTestSet(AbstractDirectoryTestSuite.java:140)
	at org.apache.maven.surefire.suite.AbstractDirectoryTestSuite.execute(AbstractDirectoryTestSuite.java:127)
	at org.apache.maven.surefire.Surefire.run(Surefire.java:177)
	at sun.reflect.NativeMethodAccessorImpl.invoke0(Native Method)
	at sun.reflect.NativeMethodAccessorImpl.invoke(NativeMethodAccessorImpl.java:39)
	at sun.reflect.DelegatingMethodAccessorImpl.invoke(DelegatingMethodAccessorImpl.java:25)
	at java.lang.reflect.Method.invoke(Method.java:597)
	at org.apache.maven.surefire.booter.SurefireBooter.runSuitesInProcess(SurefireBooter.java:345)
	at org.apache.maven.surefire.booter.SurefireBooter.main(SurefireBooter.java:1009)
</failure>
  </testcase>
</testsuite>